INFO:werkzeug:[31m[1mWARNING: This is a development server. Do not use it in a production deployment. Use a production WSGI server instead.[0m
 * Running on http://127.0.0.1:5000
INFO:werkzeug:[33mPress CTRL+C to quit[0m
INFO:werkzeug: * Restarting with stat
WARNING:werkzeug: * Debugger is active!
INFO:werkzeug: * Debugger PIN: 249-759-886
INFO:werkzeug:127.0.0.1 - - [14/Feb/2024 22:32:16] "[31m[1mGET /get_transactions HTTP/1.1[0m" 401 -
INFO:werkzeug:127.0.0.1 - - [14/Feb/2024 22:32:34] "[31m[1mGET /get_transactions HTTP/1.1[0m" 401 -
INFO:werkzeug:127.0.0.1 - - [14/Feb/2024 22:32:43] "[31m[1mGET /get_transactions HTTP/1.1[0m" 401 -
INFO:werkzeug:127.0.0.1 - - [14/Feb/2024 22:33:08] "[31m[1mGET /get_transactions HTTP/1.1[0m" 401 -
INFO:werkzeug: * Detected change in '/home/sachinpai/Desktop/dissertationApp/backend/app.py', reloading
INFO:werkzeug: * Restarting with stat
WARNING:werkzeug: * Debugger is active!
INFO:werkzeug: * Debugger PIN: 249-759-886
INFO:werkzeug:127.0.0.1 - - [14/Feb/2024 22:34:00] "[31m[1mGET /get_transactions HTTP/1.1[0m" 401 -
INFO:werkzeug: * Detected change in '/home/sachinpai/Desktop/dissertationApp/backend/app.py', reloading
INFO:werkzeug: * Restarting with stat
WARNING:werkzeug: * Debugger is active!
INFO:werkzeug: * Debugger PIN: 249-759-886
INFO:werkzeug:127.0.0.1 - - [14/Feb/2024 22:34:16] "[31m[1mGET /get_transactions HTTP/1.1[0m" 401 -
INFO:werkzeug:127.0.0.1 - - [14/Feb/2024 22:34:17] "[31m[1mGET /get_transactions HTTP/1.1[0m" 401 -
INFO:werkzeug: * Detected change in '/home/sachinpai/Desktop/dissertationApp/backend/app.py', reloading
INFO:werkzeug: * Restarting with stat
WARNING:werkzeug: * Debugger is active!
INFO:werkzeug: * Debugger PIN: 249-759-886
INFO:werkzeug:127.0.0.1 - - [14/Feb/2024 22:35:36] "[31m[1mGET /get_transactions HTTP/1.1[0m" 400 -
INFO:werkzeug:127.0.0.1 - - [14/Feb/2024 22:35:40] "[31m[1mGET /get_transactions HTTP/1.1[0m" 400 -
INFO:werkzeug: * Detected change in '/home/sachinpai/Desktop/dissertationApp/backend/app.py', reloading
INFO:werkzeug: * Restarting with stat
WARNING:werkzeug: * Debugger is active!
INFO:werkzeug: * Debugger PIN: 249-759-886
INFO:werkzeug:127.0.0.1 - - [14/Feb/2024 22:35:50] "[31m[1mGET /get_transactions HTTP/1.1[0m" 400 -
INFO:sqlalchemy.engine.Engine:BEGIN (implicit)
INFO:sqlalchemy.engine.Engine:SELECT user.id AS user_id, user.email AS user_email, user.password AS user_password, user.first_name AS user_first_name, user.last_name AS user_last_name 
FROM user 
WHERE user.email = ?
 LIMIT ? OFFSET ?
INFO:sqlalchemy.engine.Engine:[generated in 0.00019s] ('ram.pal@gmail.com', 1, 0)
INFO:sqlalchemy.engine.Engine:ROLLBACK
INFO:werkzeug:127.0.0.1 - - [14/Feb/2024 22:35:55] "POST /login HTTP/1.1" 200 -
INFO:werkzeug:127.0.0.1 - - [14/Feb/2024 22:35:58] "[31m[1mGET /get_transactions HTTP/1.1[0m" 400 -
INFO:werkzeug:127.0.0.1 - - [14/Feb/2024 22:36:02] "[31m[1mGET /get_transactions HTTP/1.1[0m" 400 -
INFO:werkzeug: * Detected change in '/home/sachinpai/Desktop/dissertationApp/backend/app.py', reloading
INFO:werkzeug: * Restarting with stat
WARNING:werkzeug: * Debugger is active!
INFO:werkzeug: * Debugger PIN: 249-759-886
INFO:sqlalchemy.engine.Engine:BEGIN (implicit)
INFO:sqlalchemy.engine.Engine:SELECT "transaction".id AS transaction_id, "transaction".user_id AS transaction_user_id, "transaction".amount AS transaction_amount, "transaction".category AS transaction_category, "transaction".description AS transaction_description, "transaction".type AS transaction_type, "transaction".account_name AS transaction_account_name, "transaction".date AS transaction_date 
FROM "transaction" 
WHERE "transaction".user_id = ? ORDER BY "transaction".date DESC
INFO:sqlalchemy.engine.Engine:[generated in 0.00028s] ('a10e9be9849e45daba780a1e408bbc7f',)
INFO:sqlalchemy.engine.Engine:ROLLBACK
INFO:werkzeug:127.0.0.1 - - [14/Feb/2024 22:36:22] "GET /get_transactions HTTP/1.1" 200 -
INFO:werkzeug:127.0.0.1 - - [14/Feb/2024 22:36:25] "[31m[1mGET /get_transactions HTTP/1.1[0m" 401 -
INFO:werkzeug:127.0.0.1 - - [14/Feb/2024 22:36:25] "[31m[1mGET /get_transactions HTTP/1.1[0m" 401 -
INFO:werkzeug: * Detected change in '/home/sachinpai/Desktop/dissertationApp/backend/app.py', reloading
INFO:werkzeug: * Restarting with stat
WARNING:werkzeug: * Debugger is active!
INFO:werkzeug: * Debugger PIN: 249-759-886
INFO:werkzeug: * Detected change in '/home/sachinpai/Desktop/dissertationApp/backend/app.py', reloading
INFO:werkzeug: * Restarting with stat
WARNING:werkzeug: * Debugger is active!
INFO:werkzeug: * Debugger PIN: 249-759-886
INFO:werkzeug:127.0.0.1 - - [14/Feb/2024 22:37:13] "[35m[1mGET /get_transactions HTTP/1.1[0m" 500 -
INFO:werkzeug: * Detected change in '/home/sachinpai/Desktop/dissertationApp/backend/app.py', reloading
INFO:werkzeug: * Restarting with stat
WARNING:werkzeug: * Debugger is active!
INFO:werkzeug: * Debugger PIN: 249-759-886
INFO:werkzeug:127.0.0.1 - - [14/Feb/2024 22:37:32] "[35m[1mGET /get_transactions HTTP/1.1[0m" 500 -
INFO:werkzeug: * Detected change in '/home/sachinpai/Desktop/dissertationApp/backend/app.py', reloading
INFO:werkzeug: * Restarting with stat
WARNING:werkzeug: * Debugger is active!
INFO:werkzeug: * Debugger PIN: 249-759-886
INFO:sqlalchemy.engine.Engine:BEGIN (implicit)
INFO:sqlalchemy.engine.Engine:SELECT "transaction".id AS transaction_id, "transaction".user_id AS transaction_user_id, "transaction".amount AS transaction_amount, "transaction".category AS transaction_category, "transaction".description AS transaction_description, "transaction".type AS transaction_type, "transaction".account_name AS transaction_account_name, "transaction".date AS transaction_date 
FROM "transaction" 
WHERE "transaction".user_id = ? ORDER BY "transaction".date DESC
INFO:sqlalchemy.engine.Engine:[generated in 0.00033s] ('a10e9be9849e45daba780a1e408bbc7f',)
INFO:sqlalchemy.engine.Engine:ROLLBACK
INFO:werkzeug:127.0.0.1 - - [14/Feb/2024 22:37:37] "GET /get_transactions HTTP/1.1" 200 -
INFO:werkzeug: * Detected change in '/home/sachinpai/Desktop/dissertationApp/backend/app.py', reloading
INFO:werkzeug: * Restarting with stat
WARNING:werkzeug: * Debugger is active!
INFO:werkzeug: * Debugger PIN: 249-759-886
INFO:werkzeug:127.0.0.1 - - [14/Feb/2024 22:38:06] "[35m[1mGET /get_transactions HTTP/1.1[0m" 500 -
INFO:werkzeug: * Detected change in '/home/sachinpai/Desktop/dissertationApp/backend/app.py', reloading
INFO:werkzeug: * Restarting with stat
WARNING:werkzeug: * Debugger is active!
INFO:werkzeug: * Debugger PIN: 249-759-886
INFO:werkzeug:127.0.0.1 - - [14/Feb/2024 22:38:11] "[35m[1mGET /get_transactions HTTP/1.1[0m" 500 -
INFO:werkzeug: * Detected change in '/home/sachinpai/Desktop/dissertationApp/backend/app.py', reloading
INFO:werkzeug: * Restarting with stat
WARNING:werkzeug: * Debugger is active!
INFO:werkzeug: * Debugger PIN: 249-759-886
INFO:werkzeug:127.0.0.1 - - [14/Feb/2024 22:39:04] "[35m[1mGET /get_transactions HTTP/1.1[0m" 500 -
INFO:werkzeug: * Detected change in '/home/sachinpai/Desktop/dissertationApp/backend/app.py', reloading
INFO:werkzeug: * Restarting with stat
INFO:werkzeug:[31m[1mWARNING: This is a development server. Do not use it in a production deployment. Use a production WSGI server instead.[0m
 * Running on http://127.0.0.1:5000
INFO:werkzeug:[33mPress CTRL+C to quit[0m
INFO:werkzeug: * Restarting with stat
WARNING:werkzeug: * Debugger is active!
INFO:werkzeug: * Debugger PIN: 249-759-886
INFO:werkzeug:127.0.0.1 - - [14/Feb/2024 22:39:22] "[35m[1mGET /get_transactions HTTP/1.1[0m" 500 -
INFO:werkzeug: * Detected change in '/home/sachinpai/Desktop/dissertationApp/backend/app.py', reloading
INFO:werkzeug: * Restarting with stat
WARNING:werkzeug: * Debugger is active!
INFO:werkzeug: * Debugger PIN: 249-759-886
INFO:sqlalchemy.engine.Engine:BEGIN (implicit)
INFO:sqlalchemy.engine.Engine:SELECT "transaction".id AS transaction_id, "transaction".user_id AS transaction_user_id, "transaction".amount AS transaction_amount, "transaction".category AS transaction_category, "transaction".description AS transaction_description, "transaction".type AS transaction_type, "transaction".account_name AS transaction_account_name, "transaction".date AS transaction_date 
FROM "transaction" 
WHERE "transaction".user_id = ? ORDER BY "transaction".date DESC
INFO:sqlalchemy.engine.Engine:[generated in 0.00016s] ('a10e9be9849e45daba780a1e408bbc7f',)
INFO:sqlalchemy.engine.Engine:ROLLBACK
INFO:werkzeug:127.0.0.1 - - [14/Feb/2024 22:40:40] "GET /get_transactions HTTP/1.1" 200 -
INFO:werkzeug: * Detected change in '/home/sachinpai/Desktop/dissertationApp/backend/app.py', reloading
INFO:werkzeug: * Restarting with stat
WARNING:werkzeug: * Debugger is active!
INFO:werkzeug: * Debugger PIN: 249-759-886
INFO:sqlalchemy.engine.Engine:BEGIN (implicit)
INFO:sqlalchemy.engine.Engine:SELECT "transaction".id AS transaction_id, "transaction".user_id AS transaction_user_id, "transaction".amount AS transaction_amount, "transaction".category AS transaction_category, "transaction".description AS transaction_description, "transaction".type AS transaction_type, "transaction".account_name AS transaction_account_name, "transaction".date AS transaction_date 
FROM "transaction" 
WHERE "transaction".user_id = ? ORDER BY "transaction".date DESC
INFO:sqlalchemy.engine.Engine:[generated in 0.00030s] ('a10e9be9849e45daba780a1e408bbc7f',)
INFO:sqlalchemy.engine.Engine:ROLLBACK
INFO:werkzeug:127.0.0.1 - - [14/Feb/2024 22:41:00] "GET /get_transactions HTTP/1.1" 200 -
INFO:werkzeug: * Detected change in '/home/sachinpai/Desktop/dissertationApp/backend/app.py', reloading
INFO:werkzeug: * Restarting with stat
WARNING:werkzeug: * Debugger is active!
INFO:werkzeug: * Debugger PIN: 249-759-886
INFO:sqlalchemy.engine.Engine:BEGIN (implicit)
INFO:sqlalchemy.engine.Engine:SELECT "transaction".id AS transaction_id, "transaction".user_id AS transaction_user_id, "transaction".amount AS transaction_amount, "transaction".category AS transaction_category, "transaction".description AS transaction_description, "transaction".type AS transaction_type, "transaction".account_name AS transaction_account_name, "transaction".date AS transaction_date 
FROM "transaction" 
WHERE "transaction".user_id = ? ORDER BY "transaction".date DESC
INFO:sqlalchemy.engine.Engine:[generated in 0.00015s] ('a10e9be9849e45daba780a1e408bbc7f',)
INFO:sqlalchemy.engine.Engine:ROLLBACK
INFO:werkzeug:127.0.0.1 - - [14/Feb/2024 22:42:01] "GET /get_transactions HTTP/1.1" 200 -
INFO:werkzeug: * Detected change in '/home/sachinpai/Desktop/dissertationApp/backend/app.py', reloading
INFO:werkzeug: * Restarting with stat
WARNING:werkzeug: * Debugger is active!
INFO:werkzeug: * Debugger PIN: 249-759-886
INFO:sqlalchemy.engine.Engine:BEGIN (implicit)
INFO:sqlalchemy.engine.Engine:SELECT "transaction".id AS transaction_id, "transaction".user_id AS transaction_user_id, "transaction".amount AS transaction_amount, "transaction".category AS transaction_category, "transaction".description AS transaction_description, "transaction".type AS transaction_type, "transaction".account_name AS transaction_account_name, "transaction".date AS transaction_date 
FROM "transaction" 
WHERE "transaction".user_id = ? ORDER BY "transaction".date DESC
INFO:sqlalchemy.engine.Engine:[generated in 0.00020s] ('a10e9be9849e45daba780a1e408bbc7f',)
INFO:sqlalchemy.engine.Engine:ROLLBACK
INFO:werkzeug:127.0.0.1 - - [14/Feb/2024 22:42:27] "GET /get_transactions HTTP/1.1" 200 -
INFO:werkzeug:127.0.0.1 - - [14/Feb/2024 22:42:41] "[31m[1mGET /get_transactions HTTP/1.1[0m" 401 -
INFO:werkzeug:127.0.0.1 - - [14/Feb/2024 22:42:52] "[31m[1mGET /get_transactions HTTP/1.1[0m" 401 -
INFO:werkzeug:127.0.0.1 - - [14/Feb/2024 22:42:54] "[31m[1mGET /get_transactions HTTP/1.1[0m" 401 -
INFO:werkzeug: * Detected change in '/home/sachinpai/Desktop/dissertationApp/backend/app.py', reloading
INFO:werkzeug: * Restarting with stat
WARNING:werkzeug: * Debugger is active!
INFO:werkzeug: * Debugger PIN: 249-759-886
INFO:werkzeug: * Detected change in '/home/sachinpai/Desktop/dissertationApp/backend/app.py', reloading
INFO:werkzeug: * Restarting with stat
WARNING:werkzeug: * Debugger is active!
INFO:werkzeug: * Debugger PIN: 249-759-886
INFO:werkzeug:127.0.0.1 - - [14/Feb/2024 22:43:10] "[31m[1mGET /get_transactions HTTP/1.1[0m" 401 -
INFO:werkzeug:127.0.0.1 - - [14/Feb/2024 22:43:12] "[31m[1mGET /get_transactions HTTP/1.1[0m" 401 -
INFO:werkzeug: * Detected change in '/home/sachinpai/Desktop/dissertationApp/backend/app.py', reloading
INFO:werkzeug: * Restarting with stat
WARNING:werkzeug: * Debugger is active!
INFO:werkzeug: * Debugger PIN: 249-759-886
INFO:sqlalchemy.engine.Engine:BEGIN (implicit)
INFO:sqlalchemy.engine.Engine:SELECT "transaction".id AS transaction_id, "transaction".user_id AS transaction_user_id, "transaction".amount AS transaction_amount, "transaction".category AS transaction_category, "transaction".description AS transaction_description, "transaction".type AS transaction_type, "transaction".account_name AS transaction_account_name, "transaction".date AS transaction_date 
FROM "transaction" 
WHERE "transaction".user_id = ? ORDER BY "transaction".date DESC
INFO:sqlalchemy.engine.Engine:[generated in 0.00038s] ('a10e9be9849e45daba780a1e408bbc7f',)
INFO:sqlalchemy.engine.Engine:ROLLBACK
INFO:werkzeug:127.0.0.1 - - [14/Feb/2024 22:43:25] "GET /get_transactions HTTP/1.1" 200 -
INFO:werkzeug: * Detected change in '/home/sachinpai/Desktop/dissertationApp/backend/app.py', reloading
INFO:werkzeug: * Restarting with stat
WARNING:werkzeug: * Debugger is active!
INFO:werkzeug: * Debugger PIN: 249-759-886
INFO:werkzeug:127.0.0.1 - - [14/Feb/2024 22:43:47] "[35m[1mGET /get_transactions HTTP/1.1[0m" 500 -
INFO:werkzeug: * Detected change in '/home/sachinpai/Desktop/dissertationApp/backend/app.py', reloading
INFO:werkzeug: * Restarting with stat
WARNING:werkzeug: * Debugger is active!
INFO:werkzeug: * Debugger PIN: 249-759-886
INFO:werkzeug:127.0.0.1 - - [14/Feb/2024 22:43:53] "[35m[1mGET /get_transactions HTTP/1.1[0m" 500 -
INFO:werkzeug: * Detected change in '/home/sachinpai/Desktop/dissertationApp/backend/app.py', reloading
INFO:werkzeug: * Restarting with stat
WARNING:werkzeug: * Debugger is active!
INFO:werkzeug: * Debugger PIN: 249-759-886
INFO:sqlalchemy.engine.Engine:BEGIN (implicit)
INFO:sqlalchemy.engine.Engine:SELECT "transaction".id AS transaction_id, "transaction".user_id AS transaction_user_id, "transaction".amount AS transaction_amount, "transaction".category AS transaction_category, "transaction".description AS transaction_description, "transaction".type AS transaction_type, "transaction".account_name AS transaction_account_name, "transaction".date AS transaction_date 
FROM "transaction" 
WHERE "transaction".user_id = ? ORDER BY "transaction".date DESC
INFO:sqlalchemy.engine.Engine:[generated in 0.00017s] ('a10e9be9849e45daba780a1e408bbc7f',)
INFO:sqlalchemy.engine.Engine:ROLLBACK
INFO:werkzeug:127.0.0.1 - - [14/Feb/2024 22:44:25] "GET /get_transactions HTTP/1.1" 200 -
INFO:werkzeug: * Detected change in '/home/sachinpai/Desktop/dissertationApp/backend/app.py', reloading
INFO:werkzeug: * Restarting with stat
WARNING:werkzeug: * Debugger is active!
INFO:werkzeug: * Debugger PIN: 249-759-886
INFO:werkzeug:127.0.0.1 - - [14/Feb/2024 22:44:53] "[35m[1mGET /get_transactions HTTP/1.1[0m" 500 -
